2021-10-01 18:57:42,833 [INFO] Activator:170 - 


2021-10-01 18:57:42,835 [INFO] Activator:171 - !SESSION log4j initialized
2021-10-01 18:57:47,546 [INFO] McuFinderGlobals:40 - Set McuFinder mode to 2 (CubeIDE integrated)
2021-10-01 18:57:47,773 [INFO] ApplicationProperties:181 - Using Application install path: C:\Program Files\STMicroelectronics\STM32Cube\STM32CubeIDE_1.5.1\STM32CubeIDE\plugins\com.st.stm32cube.common.mx_6.1.1.202012091304
2021-10-01 18:57:47,782 [INFO] DbMcusXml:71 - Set database path to: C:\Program Files\STMicroelectronics\STM32Cube\STM32CubeIDE_1.5.1\STM32CubeIDE\plugins\com.st.stm32cube.common.mx_6.1.1.202012091304\\db\/mcu/
2021-10-01 18:57:47,785 [INFO] DbBoardsPdsc:57 - Set plugin database path to: C:\Program Files\STMicroelectronics\STM32Cube\STM32CubeIDE_1.5.1\STM32CubeIDE\plugins\com.st.stm32cube.common.mx_6.1.1.202012091304\\db\/plugins/boardmanager/
2021-10-01 18:57:47,785 [INFO] DbMcus:259 - Set plugin images path to: C:\Program Files\STMicroelectronics\STM32Cube\STM32CubeIDE_1.5.1\STM32CubeIDE\plugins\com.st.stm32cube.common.mx_6.1.1.202012091304\\db\/plugins/mcufinder/images/
2021-10-01 18:57:47,785 [INFO] DbBoards:265 - Set plugin images path to: C:\Program Files\STMicroelectronics\STM32Cube\STM32CubeIDE_1.5.1\STM32CubeIDE\plugins\com.st.stm32cube.common.mx_6.1.1.202012091304\\db\/plugins/mcufinder/images/
2021-10-01 18:57:47,787 [INFO] DbExamples:329 - Set plugin images path to: C:\Program Files\STMicroelectronics\STM32Cube\STM32CubeIDE_1.5.1\STM32CubeIDE\plugins\com.st.stm32cube.common.mx_6.1.1.202012091304\\db\/plugins/mcufinder/images/
2021-10-01 18:57:47,791 [INFO] DbMcusDocs:112 - Set database path to: C:\Users\frisc_000\.stmcufinder\plugins\mcufinder//mcu/
2021-10-01 18:57:47,793 [INFO] DbMcusJson:63 - Set database path to: C:\Users\frisc_000\.stmcufinder\plugins\mcufinder//mcu/
2021-10-01 18:57:47,794 [INFO] DbBoardsDocs:112 - Set database path to: C:\Users\frisc_000\.stmcufinder\plugins\mcufinder//mcu/
2021-10-01 18:57:47,795 [INFO] DbBoardsJson:56 - Set database path to: C:\Users\frisc_000\.stmcufinder\plugins\mcufinder//mcu/
2021-10-01 18:57:47,797 [INFO] CrossReferenceDbSqlite:196 - Set database path to: C:\Users\frisc_000\.stmcufinder\plugins\mcufinder//mcu/cs/
2021-10-01 18:57:47,800 [INFO] DbExamplesSqlite:699 - Set database path to: C:\Users\frisc_000\.stmcufinder\plugins\mcufinder//mcu/
2021-10-01 18:57:47,902 [INFO] RulesReader:52 - Compatibility file has been processed (228 Rules)
2021-10-01 18:57:47,977 [INFO] MicroXplorer:565 - Detected Java Version = 1.8.0_272
2021-10-01 18:57:47,977 [INFO] DbMcusXml:71 - Set database path to: C:\Program Files\STMicroelectronics\STM32Cube\STM32CubeIDE_1.5.1\STM32CubeIDE\plugins\com.st.stm32cube.common.mx_6.1.1.202012091304\\db\/mcu/
2021-10-01 18:57:47,978 [INFO] DbBoardsPdsc:57 - Set plugin database path to: C:\Program Files\STMicroelectronics\STM32Cube\STM32CubeIDE_1.5.1\STM32CubeIDE\plugins\com.st.stm32cube.common.mx_6.1.1.202012091304\\db\/plugins/boardmanager/
2021-10-01 18:57:47,978 [INFO] DbMcus:259 - Set plugin images path to: C:\Program Files\STMicroelectronics\STM32Cube\STM32CubeIDE_1.5.1\STM32CubeIDE\plugins\com.st.stm32cube.common.mx_6.1.1.202012091304\\db\/plugins/mcufinder/images/
2021-10-01 18:57:47,979 [INFO] DbBoards:265 - Set plugin images path to: C:\Program Files\STMicroelectronics\STM32Cube\STM32CubeIDE_1.5.1\STM32CubeIDE\plugins\com.st.stm32cube.common.mx_6.1.1.202012091304\\db\/plugins/mcufinder/images/
2021-10-01 18:57:47,979 [INFO] DbExamples:329 - Set plugin images path to: C:\Program Files\STMicroelectronics\STM32Cube\STM32CubeIDE_1.5.1\STM32CubeIDE\plugins\com.st.stm32cube.common.mx_6.1.1.202012091304\\db\/plugins/mcufinder/images/
2021-10-01 18:57:47,979 [WARN] DbFile:36 - Overriding database path with different value: C:\Users\frisc_000\.stmcufinder\plugins\mcufinder/ => C:\Users\frisc_000\.stmcufinder\plugins\mcufinder
2021-10-01 18:57:47,979 [INFO] DbMcusDocs:112 - Set database path to: C:\Users\frisc_000\.stmcufinder\plugins\mcufinder//mcu/
2021-10-01 18:57:47,979 [WARN] DbFile:36 - Overriding database path with different value: C:\Users\frisc_000\.stmcufinder\plugins\mcufinder/ => C:\Users\frisc_000\.stmcufinder\plugins\mcufinder
2021-10-01 18:57:47,980 [INFO] DbMcusJson:63 - Set database path to: C:\Users\frisc_000\.stmcufinder\plugins\mcufinder//mcu/
2021-10-01 18:57:47,980 [WARN] DbFile:36 - Overriding database path with different value: C:\Users\frisc_000\.stmcufinder\plugins\mcufinder/ => C:\Users\frisc_000\.stmcufinder\plugins\mcufinder
2021-10-01 18:57:47,980 [INFO] DbBoardsDocs:112 - Set database path to: C:\Users\frisc_000\.stmcufinder\plugins\mcufinder//mcu/
2021-10-01 18:57:47,980 [WARN] DbFile:36 - Overriding database path with different value: C:\Users\frisc_000\.stmcufinder\plugins\mcufinder/ => C:\Users\frisc_000\.stmcufinder\plugins\mcufinder
2021-10-01 18:57:47,980 [INFO] DbBoardsJson:56 - Set database path to: C:\Users\frisc_000\.stmcufinder\plugins\mcufinder//mcu/
2021-10-01 18:57:47,980 [WARN] DbFile:36 - Overriding database path with different value: C:\Users\frisc_000\.stmcufinder\plugins\mcufinder/ => C:\Users\frisc_000\.stmcufinder\plugins\mcufinder
2021-10-01 18:57:47,981 [WARN] DbFile:36 - Overriding database path with different value: C:\Users\frisc_000\.stmcufinder\plugins\mcufinder/ => C:\Users\frisc_000\.stmcufinder\plugins\mcufinder
2021-10-01 18:57:47,981 [INFO] CrossReferenceDbSqlite:196 - Set database path to: C:\Users\frisc_000\.stmcufinder\plugins\mcufinder//mcu/cs/
2021-10-01 18:57:47,981 [WARN] DbFile:36 - Overriding database path with different value: C:\Users\frisc_000\.stmcufinder\plugins\mcufinder/ => C:\Users\frisc_000\.stmcufinder\plugins\mcufinder
2021-10-01 18:57:47,981 [INFO] DbExamplesSqlite:699 - Set database path to: C:\Users\frisc_000\.stmcufinder\plugins\mcufinder//mcu/
2021-10-01 18:57:48,037 [INFO] MainPanel:190 - HeapMemory: 268435456
2021-10-01 18:57:48,091 [INFO] DbMcusXml:71 - Set database path to: C:\Program Files\STMicroelectronics\STM32Cube\STM32CubeIDE_1.5.1\STM32CubeIDE\plugins\com.st.stm32cube.common.mx_6.1.1.202012091304\\db\/mcu/
2021-10-01 18:57:48,091 [INFO] DbBoardsPdsc:57 - Set plugin database path to: C:\Program Files\STMicroelectronics\STM32Cube\STM32CubeIDE_1.5.1\STM32CubeIDE\plugins\com.st.stm32cube.common.mx_6.1.1.202012091304\\db\/plugins/boardmanager/
2021-10-01 18:57:48,091 [INFO] DbMcus:259 - Set plugin images path to: C:\Program Files\STMicroelectronics\STM32Cube\STM32CubeIDE_1.5.1\STM32CubeIDE\plugins\com.st.stm32cube.common.mx_6.1.1.202012091304\\db\/plugins/mcufinder/images/
2021-10-01 18:57:48,091 [INFO] DbBoards:265 - Set plugin images path to: C:\Program Files\STMicroelectronics\STM32Cube\STM32CubeIDE_1.5.1\STM32CubeIDE\plugins\com.st.stm32cube.common.mx_6.1.1.202012091304\\db\/plugins/mcufinder/images/
2021-10-01 18:57:48,092 [INFO] DbExamples:329 - Set plugin images path to: C:\Program Files\STMicroelectronics\STM32Cube\STM32CubeIDE_1.5.1\STM32CubeIDE\plugins\com.st.stm32cube.common.mx_6.1.1.202012091304\\db\/plugins/mcufinder/images/
2021-10-01 18:57:48,092 [WARN] DbFile:36 - Overriding database path with different value: C:\Users\frisc_000\.stmcufinder\plugins\mcufinder/ => C:\Users\frisc_000\.stmcufinder\plugins\mcufinder
2021-10-01 18:57:48,092 [INFO] DbMcusDocs:112 - Set database path to: C:\Users\frisc_000\.stmcufinder\plugins\mcufinder//mcu/
2021-10-01 18:57:48,092 [WARN] DbFile:36 - Overriding database path with different value: C:\Users\frisc_000\.stmcufinder\plugins\mcufinder/ => C:\Users\frisc_000\.stmcufinder\plugins\mcufinder
2021-10-01 18:57:48,093 [INFO] DbMcusJson:63 - Set database path to: C:\Users\frisc_000\.stmcufinder\plugins\mcufinder//mcu/
2021-10-01 18:57:48,093 [WARN] DbFile:36 - Overriding database path with different value: C:\Users\frisc_000\.stmcufinder\plugins\mcufinder/ => C:\Users\frisc_000\.stmcufinder\plugins\mcufinder
2021-10-01 18:57:48,093 [INFO] DbBoardsDocs:112 - Set database path to: C:\Users\frisc_000\.stmcufinder\plugins\mcufinder//mcu/
2021-10-01 18:57:48,093 [WARN] DbFile:36 - Overriding database path with different value: C:\Users\frisc_000\.stmcufinder\plugins\mcufinder/ => C:\Users\frisc_000\.stmcufinder\plugins\mcufinder
2021-10-01 18:57:48,093 [INFO] DbBoardsJson:56 - Set database path to: C:\Users\frisc_000\.stmcufinder\plugins\mcufinder//mcu/
2021-10-01 18:57:48,093 [WARN] DbFile:36 - Overriding database path with different value: C:\Users\frisc_000\.stmcufinder\plugins\mcufinder/ => C:\Users\frisc_000\.stmcufinder\plugins\mcufinder
2021-10-01 18:57:48,093 [WARN] DbFile:36 - Overriding database path with different value: C:\Users\frisc_000\.stmcufinder\plugins\mcufinder/ => C:\Users\frisc_000\.stmcufinder\plugins\mcufinder
2021-10-01 18:57:48,094 [INFO] CrossReferenceDbSqlite:196 - Set database path to: C:\Users\frisc_000\.stmcufinder\plugins\mcufinder//mcu/cs/
2021-10-01 18:57:48,094 [WARN] DbFile:36 - Overriding database path with different value: C:\Users\frisc_000\.stmcufinder\plugins\mcufinder/ => C:\Users\frisc_000\.stmcufinder\plugins\mcufinder
2021-10-01 18:57:48,094 [INFO] DbExamplesSqlite:699 - Set database path to: C:\Users\frisc_000\.stmcufinder\plugins\mcufinder//mcu/
2021-10-01 18:57:48,110 [INFO] ApplicationProperties:181 - Using Application install path: C:\Program Files\STMicroelectronics\STM32Cube\STM32CubeIDE_1.5.1\STM32CubeIDE\plugins\com.st.stm32cube.common.mx_6.1.1.202012091304
2021-10-01 18:57:48,112 [INFO] PluginManage:178 - Search for loadable plugins [exclusion list=, ]
2021-10-01 18:57:48,113 [INFO] PluginManage:292 - Check plugin analytics
2021-10-01 18:57:48,258 [INFO] AnalyticsPlugin:225 - Accepted Software Licenses: STM32CubeMX.6.1.0
2021-10-01 18:57:48,258 [INFO] AnalyticsPlugin:227 - Accepted CMSIS Pack Licenses: 
2021-10-01 18:57:48,259 [INFO] AnalyticsPlugin:229 - Accepted Firmware Licenses: 
2021-10-01 18:57:48,259 [INFO] PluginManage:342 - Loaded plugin analytics (category:tool,tabindex:-1)
2021-10-01 18:57:48,259 [INFO] PluginManage:292 - Check plugin clock
2021-10-01 18:57:48,271 [INFO] PluginManage:342 - Loaded plugin clock (category:base,tabindex:2)
2021-10-01 18:57:48,271 [INFO] PluginManage:292 - Check plugin ddr
2021-10-01 18:57:48,273 [INFO] PluginManage:342 - Loaded plugin ddr (category:tool,tabindex:6)
2021-10-01 18:57:48,273 [INFO] PluginManage:292 - Check plugin filemanager
2021-10-01 18:57:48,377 [INFO] PluginManage:342 - Loaded plugin filemanager (category:base,tabindex:10)
2021-10-01 18:57:48,378 [INFO] PluginManage:292 - Check plugin ipmanager
2021-10-01 18:57:48,385 [INFO] PluginManage:342 - Loaded plugin ipmanager (category:base,tabindex:5)
2021-10-01 18:57:48,385 [INFO] PluginManage:292 - Check plugin pinoutandconfiguration
2021-10-01 18:57:48,394 [INFO] PluginManage:342 - Loaded plugin pinoutandconfiguration (category:base,tabindex:1)
2021-10-01 18:57:48,394 [INFO] PluginManage:292 - Check plugin pinoutconfig
2021-10-01 18:57:48,415 [INFO] PluginManage:342 - Loaded plugin pinoutconfig (category:base,tabindex:0)
2021-10-01 18:57:48,415 [INFO] PluginManage:292 - Check plugin power
2021-10-01 18:57:48,424 [INFO] PluginManage:342 - Loaded plugin power (category:power,tabindex:4)
2021-10-01 18:57:48,426 [INFO] PluginManage:292 - Check plugin projectmanager
2021-10-01 18:57:48,440 [INFO] PluginManage:342 - Loaded plugin projectmanager (category:projectmanager,tabindex:3)
2021-10-01 18:57:48,440 [INFO] PluginManage:292 - Check plugin thirdparty
2021-10-01 18:57:48,537 [INFO] PluginManage:342 - Loaded plugin thirdparty (category:base,tabindex:-1)
2021-10-01 18:57:48,537 [WARN] IntegrityCheckThread:59 - waiting for thirdparty lock release [integrity check]
2021-10-01 18:57:48,537 [INFO] PluginManage:292 - Check plugin tools
2021-10-01 18:57:48,538 [INFO] IntegrityCheckThread:61 - entering critical section [integrity check]
2021-10-01 18:57:48,538 [INFO] ThirdPartyUpdaterWithRetryManager:56 - Updater plugin not ready yet. [1/15]
2021-10-01 18:57:48,540 [INFO] PluginManage:342 - Loaded plugin tools (category:base,tabindex:7)
2021-10-01 18:57:48,540 [INFO] PluginManage:292 - Check plugin tutovideos
2021-10-01 18:57:48,747 [INFO] PluginManage:342 - Loaded plugin tutovideos (category:base,tabindex:-1)
2021-10-01 18:57:48,748 [INFO] PluginManage:292 - Check plugin updater
2021-10-01 18:57:48,756 [INFO] PluginManage:342 - Loaded plugin updater (category:base,tabindex:12)
2021-10-01 18:57:48,757 [INFO] PluginManage:265 - PluginManage : Loaded plugins [13]
2021-10-01 18:57:48,884 [INFO] PinOutPanel:1434 - setPackage(No Configuration,No Configuration)
2021-10-01 18:57:48,956 [INFO] IPUIPlugin:64 - create IPUIPlugin
2021-10-01 18:57:48,957 [INFO] PluginManager:203 - loadIPPluginJar : add adc
2021-10-01 18:57:48,961 [INFO] IPUIPlugin:64 - create IPUIPlugin
2021-10-01 18:57:48,961 [INFO] PluginManager:203 - loadIPPluginJar : add aes
2021-10-01 18:57:48,963 [INFO] IPUIPlugin:64 - create IPUIPlugin
2021-10-01 18:57:48,963 [INFO] PluginManager:203 - loadIPPluginJar : add can
2021-10-01 18:57:48,964 [INFO] IPUIPlugin:64 - create IPUIPlugin
2021-10-01 18:57:48,964 [INFO] PluginManager:203 - loadIPPluginJar : add comp
2021-10-01 18:57:48,966 [INFO] IPUIPlugin:64 - create IPUIPlugin
2021-10-01 18:57:48,967 [INFO] PluginManager:203 - loadIPPluginJar : add cryp
2021-10-01 18:57:48,969 [INFO] IPUIPlugin:64 - create IPUIPlugin
2021-10-01 18:57:48,969 [INFO] PluginManager:203 - loadIPPluginJar : add dfsdm
2021-10-01 18:57:48,973 [INFO] IPUIPlugin:64 - create IPUIPlugin
2021-10-01 18:57:48,974 [INFO] PluginManager:203 - loadIPPluginJar : add dma
2021-10-01 18:57:48,975 [INFO] IPUIPlugin:64 - create IPUIPlugin
2021-10-01 18:57:48,975 [INFO] PluginManager:203 - loadIPPluginJar : add fatfs
2021-10-01 18:57:48,978 [INFO] IPUIPlugin:64 - create IPUIPlugin
2021-10-01 18:57:48,979 [INFO] PluginManager:203 - loadIPPluginJar : add fmc
2021-10-01 18:57:48,983 [INFO] IPUIPlugin:64 - create IPUIPlugin
2021-10-01 18:57:48,983 [INFO] PluginManager:203 - loadIPPluginJar : add freertos
2021-10-01 18:57:48,985 [INFO] IPUIPlugin:64 - create IPUIPlugin
2021-10-01 18:57:48,985 [INFO] PluginManager:203 - loadIPPluginJar : add genericplugin
2021-10-01 18:57:48,987 [INFO] IPUIPlugin:64 - create IPUIPlugin
2021-10-01 18:57:48,987 [INFO] PluginManager:203 - loadIPPluginJar : add gfxmmu
2021-10-01 18:57:48,991 [INFO] IPUIPlugin:64 - create IPUIPlugin
2021-10-01 18:57:48,991 [INFO] PluginManager:203 - loadIPPluginJar : add gic
2021-10-01 18:57:48,994 [INFO] IPUIPlugin:64 - create IPUIPlugin
2021-10-01 18:57:48,994 [INFO] PluginManager:203 - loadIPPluginJar : add gpio
2021-10-01 18:57:48,996 [INFO] IPUIPlugin:64 - create IPUIPlugin
2021-10-01 18:57:48,996 [INFO] PluginManager:203 - loadIPPluginJar : add gtzc
2021-10-01 18:57:48,998 [INFO] IPUIPlugin:64 - create IPUIPlugin
2021-10-01 18:57:48,998 [INFO] PluginManager:203 - loadIPPluginJar : add hash
2021-10-01 18:57:49,001 [INFO] IPUIPlugin:64 - create IPUIPlugin
2021-10-01 18:57:49,001 [INFO] PluginManager:203 - loadIPPluginJar : add i2c
2021-10-01 18:57:49,003 [INFO] IPUIPlugin:64 - create IPUIPlugin
2021-10-01 18:57:49,003 [INFO] PluginManager:203 - loadIPPluginJar : add i2s
2021-10-01 18:57:49,005 [INFO] IPUIPlugin:64 - create IPUIPlugin
2021-10-01 18:57:49,005 [INFO] PluginManager:203 - loadIPPluginJar : add ipddr
2021-10-01 18:57:49,007 [INFO] IPUIPlugin:64 - create IPUIPlugin
2021-10-01 18:57:49,008 [INFO] PluginManager:203 - loadIPPluginJar : add lorawan
2021-10-01 18:57:49,009 [INFO] IPUIPlugin:64 - create IPUIPlugin
2021-10-01 18:57:49,009 [INFO] PluginManager:203 - loadIPPluginJar : add ltdc
2021-10-01 18:57:49,012 [INFO] IPUIPlugin:64 - create IPUIPlugin
2021-10-01 18:57:49,012 [INFO] PluginManager:203 - loadIPPluginJar : add mdma
2021-10-01 18:57:49,015 [INFO] IPUIPlugin:64 - create IPUIPlugin
2021-10-01 18:57:49,015 [INFO] PluginManager:203 - loadIPPluginJar : add nvic
2021-10-01 18:57:49,017 [INFO] IPUIPlugin:64 - create IPUIPlugin
2021-10-01 18:57:49,017 [INFO] PluginManager:203 - loadIPPluginJar : add opamp
2021-10-01 18:57:49,019 [INFO] IPUIPlugin:64 - create IPUIPlugin
2021-10-01 18:57:49,019 [INFO] PluginManager:203 - loadIPPluginJar : add openamp
2021-10-01 18:57:49,022 [INFO] IPUIPlugin:64 - create IPUIPlugin
2021-10-01 18:57:49,022 [INFO] PluginManager:203 - loadIPPluginJar : add pdm2pcm
2021-10-01 18:57:49,027 [INFO] IPUIPlugin:64 - create IPUIPlugin
2021-10-01 18:57:49,029 [INFO] PluginManager:203 - loadIPPluginJar : add plateformsettings
2021-10-01 18:57:49,031 [INFO] IPUIPlugin:64 - create IPUIPlugin
2021-10-01 18:57:49,031 [INFO] PluginManager:203 - loadIPPluginJar : add quadspi
2021-10-01 18:57:49,033 [INFO] IPUIPlugin:64 - create IPUIPlugin
2021-10-01 18:57:49,033 [INFO] PluginManager:203 - loadIPPluginJar : add resmgrutility
2021-10-01 18:57:49,035 [INFO] IPUIPlugin:64 - create IPUIPlugin
2021-10-01 18:57:49,036 [INFO] PluginManager:203 - loadIPPluginJar : add sai
2021-10-01 18:57:49,037 [INFO] IPUIPlugin:64 - create IPUIPlugin
2021-10-01 18:57:49,038 [INFO] PluginManager:203 - loadIPPluginJar : add spi
2021-10-01 18:57:49,041 [INFO] IPUIPlugin:64 - create IPUIPlugin
2021-10-01 18:57:49,041 [INFO] PluginManager:203 - loadIPPluginJar : add stm32_wpan
2021-10-01 18:57:49,042 [INFO] IPUIPlugin:64 - create IPUIPlugin
2021-10-01 18:57:49,042 [INFO] PluginManager:203 - loadIPPluginJar : add tim
2021-10-01 18:57:49,045 [INFO] IPUIPlugin:64 - create IPUIPlugin
2021-10-01 18:57:49,045 [INFO] PluginManager:203 - loadIPPluginJar : add touchsensing
2021-10-01 18:57:49,046 [INFO] IPUIPlugin:64 - create IPUIPlugin
2021-10-01 18:57:49,046 [INFO] PluginManager:203 - loadIPPluginJar : add tracer_emb
2021-10-01 18:57:49,048 [INFO] IPUIPlugin:64 - create IPUIPlugin
2021-10-01 18:57:49,048 [INFO] PluginManager:203 - loadIPPluginJar : add ts
2021-10-01 18:57:49,049 [INFO] IPUIPlugin:64 - create IPUIPlugin
2021-10-01 18:57:49,049 [INFO] PluginManager:203 - loadIPPluginJar : add tsc
2021-10-01 18:57:49,051 [INFO] IPUIPlugin:64 - create IPUIPlugin
2021-10-01 18:57:49,051 [INFO] PluginManager:203 - loadIPPluginJar : add ucpd
2021-10-01 18:57:49,053 [INFO] IPUIPlugin:64 - create IPUIPlugin
2021-10-01 18:57:49,053 [INFO] PluginManager:203 - loadIPPluginJar : add usart
2021-10-01 18:57:49,328 [FATAL] Updater:284 - Updater called before beeing initialized
2021-10-01 18:57:49,418 [FATAL] Updater:284 - Updater called before beeing initialized
2021-10-01 18:57:49,459 [WARN] DetailPanel:347 - Failed to get advertising image, set to default
2021-10-01 18:57:49,462 [FATAL] Updater:284 - Updater called before beeing initialized
2021-10-01 18:57:49,462 [WARN] DetailPanel:347 - Failed to get advertising image, set to default
2021-10-01 18:57:49,503 [FATAL] Updater:284 - Updater called before beeing initialized
2021-10-01 18:57:49,504 [WARN] ThirdParty:783 - waiting for thirdparty lock release [close project]
2021-10-01 18:57:51,539 [INFO] ThirdPartyUpdaterWithRetryManager:56 - Updater plugin not ready yet. [2/15]
2021-10-01 18:57:54,549 [FATAL] Updater:284 - Updater called before beeing initialized
2021-10-01 18:57:54,549 [ERROR] AbstractThirdPartyUpdaterManager:153 - java.lang.Integer cannot be cast to java.util.List
2021-10-01 18:57:54,549 [INFO] ThirdParty:887 - Integrity check success = false
2021-10-01 18:57:54,549 [INFO] IntegrityCheckThread:75 - exiting critical section [integrity check]
2021-10-01 18:57:54,549 [INFO] IntegrityCheckThread:78 - End integrity checks thread
2021-10-01 18:57:54,549 [INFO] ThirdParty:785 - entering critical section [close project]
2021-10-01 18:57:54,550 [INFO] ThirdParty:796 - exiting critical section [close project]
2021-10-01 18:57:54,553 [INFO] PinOutPanel:1434 - setPackage(No Configuration,No Configuration)
2021-10-01 18:57:54,553 [FATAL] Updater:284 - Updater called before beeing initialized
2021-10-01 18:57:54,560 [ERROR] Updater:1065 - MainUpdater not yet initialized. External WinMGr cannot be set.
2021-10-01 18:57:54,561 [INFO] Updater:1002 - Updater Version found : 6.1.1
2021-10-01 18:57:54,576 [INFO] ApplicationProperties:181 - Using Application install path: C:\Program Files\STMicroelectronics\STM32Cube\STM32CubeIDE_1.5.1\STM32CubeIDE\plugins\com.st.stm32cube.common.mx_6.1.1.202012091304
2021-10-01 18:57:54,680 [INFO] MainUpdater:2644 - connection check result : 10
2021-10-01 18:57:54,680 [INFO] MainUpdater:249 - Updater Check For Update Now.
2021-10-01 18:57:54,681 [INFO] MicroXplorer:415 - Change Database Version : DB.6.0.10
2021-10-01 18:57:54,722 [INFO] CheckServerUpdateThread:102 - End of CheckServer Thread
2021-10-01 18:57:54,798 [INFO] MainUpdater:2644 - connection check result : 10
2021-10-01 18:57:55,253 [INFO] CrossSelectorPresenter:1330 - Cross Selector saved comparison directory: C:\Users\frisc_000\.stmcufinder\plugins\mcufinder\mcu\cs_comparisons_mx
2021-10-01 18:57:55,257 [INFO] MultiScanPanel:198 - Auto-refresh data requested => check proxy status ongoing
2021-10-01 18:57:55,260 [INFO] FinderPluginLoader:87 - Searching for filters in installed packs
2021-10-01 18:57:55,260 [INFO] DbMcusXml:97 - Load MCU database from C:\Program Files\STMicroelectronics\STM32Cube\STM32CubeIDE_1.5.1\STM32CubeIDE\plugins\com.st.stm32cube.common.mx_6.1.1.202012091304\\db\/mcu/families.xml
2021-10-01 18:57:55,771 [INFO] DbMcusJson:92 - JSON generation date=Mon Jun 07 03:53:21 CDT 2021 (1623056001)
2021-10-01 18:57:56,528 [INFO] DbMcus:176 - Found 1835 MCUs (1796 are supported by CubeMX, 1826 are visible in CubeMX)
2021-10-01 18:57:56,529 [INFO] ApiDb:238 - Load user favorites file C:\Users\frisc_000/.stm32cubeide/favorites.mcus.txt: 0 item(s)
2021-10-01 18:57:56,529 [INFO] ApiDb:242 - User favorites MCUs=[]
2021-10-01 18:57:56,529 [INFO] DbMcus:188 - Set 0 / 0 favorites MCUs
2021-10-01 18:57:56,904 [INFO] DetailPanel:344 - Set advertising image to C:/Users/frisc_000/STM32Cube/Repository/\stm32cubemx-promo_image.jpg
2021-10-01 18:57:57,171 [INFO] McuFilterPanel:245 - Update 0 favorites MCUs
2021-10-01 18:57:57,241 [INFO] DbBoardsPdsc:91 - Found 24 items
2021-10-01 18:57:57,243 [INFO] DbBoardsPdsc:91 - Found 9 items
2021-10-01 18:57:57,246 [INFO] DbBoardsPdsc:91 - Found 32 items
2021-10-01 18:57:57,247 [INFO] DbBoardsPdsc:91 - Found 1 items
2021-10-01 18:57:57,252 [INFO] DbBoardsPdsc:91 - Found 45 items
2021-10-01 18:57:57,257 [INFO] DbBoardsPdsc:91 - Found 41 items
2021-10-01 18:57:57,259 [INFO] DbBoardsPdsc:91 - Found 2 items
2021-10-01 18:57:57,261 [INFO] DbBoardsPdsc:91 - Found 4 items
2021-10-01 18:57:57,266 [WARN] DbBoardsPdsc:255 - Board STM32H7B3I-DK: unknown feature type=Audio, name=, username=Audio stereo codec with Headphone Amp (CS42L51-CNZ), n=1
2021-10-01 18:57:57,267 [WARN] DbBoardsPdsc:255 - Board STM32H735G-DK: unknown feature type=Audio, name=, username=Audio stereo codec with Headphone Amp (WM8994ECS/R), n=1
2021-10-01 18:57:57,268 [WARN] DbBoardsPdsc:255 - Board STM32H7B3I-EVAL: unknown feature type=Audio, name=, username=Multi-Channel Audio Codec (CS42L51-CNZ), n=1
2021-10-01 18:57:57,269 [WARN] DbBoardsPdsc:255 - Board STM32H7B3I-EVAL: unknown feature type=Meter, name=, username=Power-metering and Temperature-monitoring with sigma-delta modulators, n=1
2021-10-01 18:57:57,269 [WARN] DbBoardsPdsc:255 - Board STM32H7B3I-EVAL: unknown feature type=Motor, name=, username=Motor Control, n=1
2021-10-01 18:57:57,296 [INFO] DbBoardsJson:85 - JSON generation date=Tue Jun 01 00:52:40 CDT 2021 (1622526760)
2021-10-01 18:57:57,302 [INFO] DbBoards:118 - Found 160 boards (155 are supported by CubeMX)
2021-10-01 18:57:57,310 [INFO] DbBoardsDocs:145 - JSON generation date=Tue Jun 01 00:52:40 CDT 2021 (1622526760)
2021-10-01 18:57:57,336 [INFO] DbBoardsDocs:81 - Found 193 boards documents
2021-10-01 18:57:57,337 [WARN] DbBoards:128 - board B-L462E-CELL1 has no document id list !
2021-10-01 18:57:57,337 [WARN] DbBoards:128 - board B-L475E-IOT01A2 has no document id list !
2021-10-01 18:57:57,338 [WARN] DbBoards:128 - board NUCLEO-G0B1RE has no document id list !
2021-10-01 18:57:57,339 [WARN] DbBoards:128 - board NUCLEO-H743ZI has no document id list !
2021-10-01 18:57:57,351 [WARN] DbBoards:128 - board NUCLEO-L4A6ZG has no document id list !
2021-10-01 18:57:57,352 [WARN] DbBoards:128 - board NUCLEO-WB55RG has no document id list !
2021-10-01 18:57:57,352 [WARN] DbBoards:128 - board NUCLEO-WL55JC1 has no document id list !
2021-10-01 18:57:57,352 [WARN] DbBoards:128 - board NUCLEO-WL55JC2 has no document id list !
2021-10-01 18:57:57,352 [WARN] DbBoards:128 - board P-NUCLEO-WB55-Nucleo has no document id list !
2021-10-01 18:57:57,352 [WARN] DbBoards:128 - board P-NUCLEO-WB55-USBDongle has no document id list !
2021-10-01 18:57:57,353 [WARN] DbBoards:128 - board STEVAL-BFA001V1B has no document id list !
2021-10-01 18:57:57,353 [WARN] DbBoards:128 - board STEVAL-BFA001V2B has no document id list !
2021-10-01 18:57:57,353 [WARN] DbBoards:128 - board STEVAL-IDP005V1 has no document id list !
2021-10-01 18:57:57,353 [WARN] DbBoards:128 - board STEVAL-IDP005V2 has no document id list !
2021-10-01 18:57:57,353 [WARN] DbBoards:128 - board STEVAL-MKSBOX1V1 has no document id list !
2021-10-01 18:57:57,353 [WARN] DbBoards:128 - board STEVAL-STWINKT1 has no document id list !
2021-10-01 18:57:57,353 [WARN] DbBoards:128 - board STEVAL-STWINKT1B has no document id list !
2021-10-01 18:57:57,354 [WARN] DbBoards:128 - board STM32F401C-DISCO has no document id list !
2021-10-01 18:57:57,354 [WARN] DbBoards:128 - board STM32F769I-DISC1 has no document id list !
2021-10-01 18:57:57,355 [WARN] DbBoards:128 - board STM32G0C1E-EV has no document id list !
2021-10-01 18:57:57,355 [WARN] DbBoards:128 - board STM32G474E-EVAL1 has no document id list !
2021-10-01 18:57:57,355 [WARN] DbBoards:128 - board STM32H743I-EVAL2 has no document id list !
2021-10-01 18:57:57,355 [WARN] DbBoards:128 - board STM32H747I-DISC1 has no document id list !
2021-10-01 18:57:57,355 [WARN] DbBoards:128 - board STM32H753I-EVAL2 has no document id list !
2021-10-01 18:57:57,356 [WARN] DbBoards:128 - board STM32L-DISCOVERY has no document id list !
2021-10-01 18:57:57,356 [WARN] DbBoards:128 - board STM32MP157A-DK1 has no document id list !
2021-10-01 18:57:57,356 [WARN] DbBoards:128 - board STM32MP157F-DK2 has no document id list !
2021-10-01 18:57:57,357 [WARN] DbBoards:128 - board STM32MP157F-EV1 has no document id list !
2021-10-01 18:57:57,684 [ERROR] DbBoards:190 - Image file not found for board NUCLEO-WL55JC: C:\Program Files\STMicroelectronics\STM32Cube\STM32CubeIDE_1.5.1\STM32CubeIDE\plugins\com.st.stm32cube.common.mx_6.1.1.202012091304\\db\/plugins/mcufinder/images/boards/nucleo-wl55jc-small.jpg
2021-10-01 18:57:57,861 [ERROR] DbBoards:190 - Image file not found for board STEVAL-STWINKT1B: C:\Program Files\STMicroelectronics\STM32Cube\STM32CubeIDE_1.5.1\STM32CubeIDE\plugins\com.st.stm32cube.common.mx_6.1.1.202012091304\\db\/plugins/mcufinder/images/boards/steval-stwinkt1b_small.jpg
2021-10-01 18:57:58,218 [ERROR] DbBoards:190 - Image file not found for board STM32H7B3I-EVAL: C:\Program Files\STMicroelectronics\STM32Cube\STM32CubeIDE_1.5.1\STM32CubeIDE\plugins\com.st.stm32cube.common.mx_6.1.1.202012091304\\db\/plugins/mcufinder/images/boards/stm32h7b3ieval_small.jpg
2021-10-01 18:57:58,395 [INFO] ApiDb:238 - Load user favorites file C:\Users\frisc_000/.stm32cubeide/favorites.boards.txt: 0 item(s)
2021-10-01 18:57:58,395 [INFO] ApiDb:242 - User favorites Boards=[]
2021-10-01 18:57:58,395 [INFO] DbBoards:207 - Set 0 / 0 favorites Boards
2021-10-01 19:02:55,816 [INFO] DbMcusDocs:145 - JSON generation date=Mon Jun 07 03:53:21 CDT 2021 (1623056001)
2021-10-01 19:02:55,927 [INFO] DbMcusDocs:81 - Found 669 MCUs documents
2021-10-01 19:08:29,822 [INFO] CtxDoc:706 - title: DFSDM; link: Datasheet 
2021-10-01 19:08:29,825 [INFO] CtxDocViewerPdf:139 - Open pdf file: C:/Users/frisc_000/STM32Cube/Repository/\DS11912.pdf in chapter: Digital filter for Sigma Delta Modulators (DFSDM)
2021-10-01 19:14:22,694 [INFO] MainUpdater:2644 - connection check result : 10
2021-10-01 19:14:22,695 [INFO] MainUpdater:2644 - connection check result : 10
2021-10-01 19:14:22,821 [INFO] MicroXplorer:385 - Change Database Path : 
2021-10-01 19:14:22,821 [INFO] MicroXplorer:415 - Change Database Version : DB.6.0.10
2021-10-01 19:14:22,822 [WARN] ThirdParty:783 - waiting for thirdparty lock release [close project]
2021-10-01 19:14:22,822 [INFO] ThirdParty:785 - entering critical section [close project]
2021-10-01 19:14:22,822 [INFO] ThirdParty:796 - exiting critical section [close project]
2021-10-01 19:14:22,823 [INFO] PinOutPanel:1434 - setPackage(No Configuration,No Configuration)
2021-10-01 19:14:22,824 [INFO] UtilMem:74 - Begin LoadConfig() Used Memory: 250677032 Bytes (508559360)
2021-10-01 19:14:22,825 [INFO] MicroXplorer:385 - Change Database Path : 
2021-10-01 19:14:22,825 [INFO] MicroXplorer:415 - Change Database Version : DB.6.0.10
2021-10-01 19:14:22,826 [INFO] OpenFileManager:274 - Change cursor
2021-10-01 19:14:22,827 [WARN] ThirdParty:204 - Use empty third party IP manager
2021-10-01 19:14:22,843 [WARN] IntegrityCheckThread:59 - waiting for thirdparty lock release [integrity check]
2021-10-01 19:14:22,843 [INFO] IntegrityCheckThread:61 - entering critical section [integrity check]
2021-10-01 19:14:22,912 [WARN] ConditionMgr:437 - getConditionDescription Invalid condition id : SIGFOX STM32 LIB Condition cause : null
2021-10-01 19:14:22,912 [WARN] ConditionMgr:437 - getConditionDescription Invalid condition id : Sigfox Third Party LIB Condition cause : null
2021-10-01 19:14:22,916 [WARN] ConditionMgr:1040 - genDependencies : Invalid condition id : SIGFOX STM32 LIB Condition cause : null
2021-10-01 19:14:22,916 [WARN] ConditionMgr:1040 - genDependencies : Invalid condition id : Sigfox Third Party LIB Condition cause : null
2021-10-01 19:14:22,917 [WARN] ConditionMgr:1040 - genDependencies : Invalid condition id : Sigfox Third Party LIB Condition cause : null
2021-10-01 19:14:22,917 [WARN] ConditionMgr:1040 - genDependencies : Invalid condition id : SIGFOX STM32 LIB Condition cause : null
2021-10-01 19:14:22,918 [WARN] ConditionMgr:1040 - genDependencies : Invalid condition id : SIGFOX STM32 LIB Condition cause : null
2021-10-01 19:14:22,918 [WARN] ConditionMgr:1040 - genDependencies : Invalid condition id : Sigfox Third Party LIB Condition cause : null
2021-10-01 19:14:23,447 [INFO] ThirdParty:887 - Integrity check success = true
2021-10-01 19:14:23,448 [INFO] IntegrityCheckThread:75 - exiting critical section [integrity check]
2021-10-01 19:14:23,448 [INFO] IntegrityCheckThread:78 - End integrity checks thread
2021-10-01 19:14:24,812 [INFO] ImportTextPane:162 - (OptionalMessage_ERROR) Unable to find key (Mcu.ThirdPartyNb) in loaded IOC file
2021-10-01 19:14:24,812 [INFO] ImportTextPane:162 - (OptionalMessage_ERROR) Unable to find key (Mcu.PinsNb) in loaded IOC file
2021-10-01 19:14:24,812 [INFO] ImportTextPane:162 - (OptionalMessage_ERROR) Unable to find key (Mcu.IPNb) in loaded IOC file
2021-10-01 19:14:24,854 [WARN] ApiManager:294 - Cannot register API 'Board Extension:S2868A1' from pack STMicroelectronics.X-CUBE-SFXS2LP1.3.1.0: no header file found
2021-10-01 19:14:24,855 [WARN] ApiManager:294 - Cannot register API 'Board Extension:S2868A2' from pack STMicroelectronics.X-CUBE-SFXS2LP1.3.1.0: no header file found
2021-10-01 19:14:24,855 [WARN] ApiManager:294 - Cannot register API 'Board Extension:S2915A1' from pack STMicroelectronics.X-CUBE-SFXS2LP1.3.1.0: no header file found
2021-10-01 19:14:24,866 [WARN] ApiManager:294 - Cannot register API 'Board Extension:S2868A1' from pack STMicroelectronics.X-CUBE-SUBG2.3.0.1: no header file found
2021-10-01 19:14:24,867 [WARN] ApiManager:294 - Cannot register API 'Board Extension:S2868A2' from pack STMicroelectronics.X-CUBE-SUBG2.3.0.1: no header file found
2021-10-01 19:14:24,867 [WARN] ApiManager:294 - Cannot register API 'Board Extension:S2915A1' from pack STMicroelectronics.X-CUBE-SUBG2.3.0.1: no header file found
2021-10-01 19:14:24,874 [WARN] ModelIntegratedComponent:51 - No mode defined for component null
2021-10-01 19:14:24,874 [WARN] ModelIntegratedComponent:51 - No mode defined for component null
2021-10-01 19:14:24,874 [WARN] ModelIntegratedComponent:51 - No mode defined for component null
2021-10-01 19:14:24,875 [WARN] ModelIntegratedComponent:51 - No mode defined for component null
2021-10-01 19:14:24,875 [WARN] ModelIntegratedComponent:51 - No mode defined for component null
2021-10-01 19:14:24,875 [WARN] ModelIntegratedComponent:51 - No mode defined for component null
2021-10-01 19:14:24,875 [WARN] ModelIntegratedComponent:51 - No mode defined for component null
2021-10-01 19:14:24,875 [WARN] ModelIntegratedComponent:51 - No mode defined for component null
2021-10-01 19:14:24,875 [WARN] ModelIntegratedComponent:51 - No mode defined for component null
2021-10-01 19:14:24,875 [WARN] ModelIntegratedComponent:51 - No mode defined for component null
2021-10-01 19:14:24,875 [WARN] ModelIntegratedComponent:51 - No mode defined for component null
2021-10-01 19:14:24,876 [WARN] ModelIntegratedComponent:51 - No mode defined for component null
2021-10-01 19:14:24,876 [WARN] ModelIntegratedComponent:51 - No mode defined for component null
2021-10-01 19:14:24,876 [WARN] ModelIntegratedComponent:51 - No mode defined for component null
2021-10-01 19:14:24,876 [WARN] ModelIntegratedComponent:51 - No mode defined for component null
2021-10-01 19:14:24,876 [WARN] ModelIntegratedComponent:51 - No mode defined for component null
2021-10-01 19:14:24,876 [WARN] ModelIntegratedComponent:51 - No mode defined for component null
2021-10-01 19:14:24,876 [WARN] ModelIntegratedComponent:51 - No mode defined for component null
2021-10-01 19:14:24,876 [WARN] ModelIntegratedComponent:51 - No mode defined for component null
2021-10-01 19:14:24,876 [WARN] ModelIntegratedComponent:51 - No mode defined for component null
2021-10-01 19:14:24,876 [WARN] ModelIntegratedComponent:51 - No mode defined for component null
2021-10-01 19:14:24,877 [WARN] ModelIntegratedComponent:51 - No mode defined for component null
2021-10-01 19:14:24,877 [WARN] ModelIntegratedComponent:51 - No mode defined for component null
2021-10-01 19:14:24,877 [WARN] ModelIntegratedComponent:51 - No mode defined for component null
2021-10-01 19:14:24,877 [WARN] ModelIntegratedComponent:51 - No mode defined for component null
2021-10-01 19:14:24,877 [WARN] ModelIntegratedComponent:51 - No mode defined for component null
2021-10-01 19:14:24,877 [WARN] ModelIntegratedComponent:51 - No mode defined for component null
2021-10-01 19:14:24,877 [WARN] ModelIntegratedComponent:51 - No mode defined for component null
2021-10-01 19:14:24,877 [WARN] ModelIntegratedComponent:51 - No mode defined for component null
2021-10-01 19:14:24,877 [WARN] ModelIntegratedComponent:51 - No mode defined for component null
2021-10-01 19:14:24,878 [WARN] ModelIntegratedComponent:51 - No mode defined for component null
2021-10-01 19:14:24,878 [WARN] ModelIntegratedComponent:51 - No mode defined for component null
2021-10-01 19:14:24,878 [WARN] ModelIntegratedComponent:51 - No mode defined for component null
2021-10-01 19:14:24,878 [WARN] ModelIntegratedComponent:51 - No mode defined for component null
2021-10-01 19:14:24,878 [WARN] ModelIntegratedComponent:51 - No mode defined for component null
2021-10-01 19:14:24,878 [WARN] ModelIntegratedComponent:51 - No mode defined for component null
2021-10-01 19:14:24,878 [WARN] ModelIntegratedComponent:51 - No mode defined for component null
2021-10-01 19:14:24,878 [WARN] ModelIntegratedComponent:51 - No mode defined for component null
2021-10-01 19:14:24,880 [WARN] ApiManager:294 - Cannot register API 'Board Extension:S2868A1' from pack STMicroelectronics.X-CUBE-SFXS2LP1.2.0.0: no header file found
2021-10-01 19:14:24,880 [WARN] ApiManager:294 - Cannot register API 'Board Extension:S2868A2' from pack STMicroelectronics.X-CUBE-SFXS2LP1.2.0.0: no header file found
2021-10-01 19:14:24,880 [WARN] ApiManager:294 - Cannot register API 'Board Extension:S2915A1' from pack STMicroelectronics.X-CUBE-SFXS2LP1.2.0.0: no header file found
2021-10-01 19:14:24,945 [WARN] ApiManager:294 - Cannot register API 'Board Extension:IKS01A3' from pack STMicroelectronics.X-CUBE-MEMS1.9.0.0: no header file found
2021-10-01 19:14:24,945 [WARN] ApiManager:294 - Cannot register API 'Board Extension:IKS01A2' from pack STMicroelectronics.X-CUBE-MEMS1.9.0.0: no header file found
2021-10-01 19:14:24,946 [WARN] ApiManager:294 - Cannot register API 'Board Extension:IKS02A1' from pack STMicroelectronics.X-CUBE-MEMS1.9.0.0: no header file found
2021-10-01 19:14:24,956 [WARN] ApiManager:294 - Cannot register API 'Board Extension:S2868A1' from pack STMicroelectronics.X-CUBE-SUBG2.4.2.0: no header file found
2021-10-01 19:14:24,956 [WARN] ApiManager:294 - Cannot register API 'Board Extension:S2868A2' from pack STMicroelectronics.X-CUBE-SUBG2.4.2.0: no header file found
2021-10-01 19:14:24,956 [WARN] ApiManager:294 - Cannot register API 'Board Extension:S2915A1' from pack STMicroelectronics.X-CUBE-SUBG2.4.2.0: no header file found
2021-10-01 19:14:25,016 [WARN] ApiManager:294 - Cannot register API 'Board Extension:IKS01A3' from pack STMicroelectronics.X-CUBE-MEMS1.8.2.0: no header file found
2021-10-01 19:14:25,016 [WARN] ApiManager:294 - Cannot register API 'Board Extension:IKS01A2' from pack STMicroelectronics.X-CUBE-MEMS1.8.2.0: no header file found
2021-10-01 19:14:25,016 [WARN] ApiManager:294 - Cannot register API 'Board Extension:IKS02A1' from pack STMicroelectronics.X-CUBE-MEMS1.8.2.0: no header file found
2021-10-01 19:14:25,022 [WARN] ApiManager:294 - Cannot register API 'Board Extension:EEPRMA1' from pack STMicroelectronics.X-CUBE-EEPRMA1.3.0.0: no header file found
2021-10-01 19:14:25,022 [WARN] ApiManager:294 - Cannot register API 'Board Extension:EEPRMA2' from pack STMicroelectronics.X-CUBE-EEPRMA1.3.0.0: no header file found
2021-10-01 19:14:25,023 [INFO] RtosManager:464 - Registered RTOS mode: class=CMSIS, group=RTOS, mode=CMSIS_V1, owner=FREERTOS
2021-10-01 19:14:25,023 [INFO] RtosManager:464 - Registered RTOS mode: class=CMSIS, group=RTOS2, mode=CMSIS_V2, owner=FREERTOS
2021-10-01 19:14:25,023 [INFO] RtosManager:464 - Registered RTOS mode: class=RTOS, group=Core, mode=CMSIS_V1, owner=FREERTOS
2021-10-01 19:14:25,024 [INFO] RtosManager:464 - Registered RTOS mode: class=RTOS, group=Core, mode=CMSIS_V2, owner=FREERTOS
2021-10-01 19:14:25,024 [WARN] ModelIntegratedComponent:182 - Missing modes for component STMicroelectronics:FreeRTOS:0.0.1:STMicroelectronics:RTOS:FreeRTOS:Core:::10.2.0:
2021-10-01 19:14:25,027 [WARN] ApiManager:294 - Cannot register API 'Board Extension:EEPRMA1' from pack STMicroelectronics.X-CUBE-EEPRMA1.3.1.0: no header file found
2021-10-01 19:14:25,027 [WARN] ApiManager:294 - Cannot register API 'Board Extension:EEPRMA2' from pack STMicroelectronics.X-CUBE-EEPRMA1.3.1.0: no header file found
2021-10-01 19:14:25,027 [WARN] ApiManager:294 - Cannot register API 'Board Extension:GNSS1A1' from pack STMicroelectronics.X-CUBE-GNSS1.5.1.0: no header file found
2021-10-01 19:14:25,028 [WARN] ApiManager:294 - Cannot register API 'Board Support:Custom' from pack STMicroelectronics.X-CUBE-GNSS1.5.1.0: no header file found
2021-10-01 19:14:25,028 [WARN] ApiManager:294 - Cannot register API 'Data Exchange:lib_gnss' from pack STMicroelectronics.X-CUBE-GNSS1.5.1.0: no header file found
2021-10-01 19:14:25,028 [WARN] ApiManager:294 - Cannot register API 'Board Extension:GNSS1A1' from pack STMicroelectronics.X-CUBE-GNSS1.5.2.0: no header file found
2021-10-01 19:14:25,029 [WARN] ApiManager:294 - Cannot register API 'Board Support:Custom' from pack STMicroelectronics.X-CUBE-GNSS1.5.2.0: no header file found
2021-10-01 19:14:25,029 [WARN] ApiManager:294 - Cannot register API 'Data Exchange:lib_gnss' from pack STMicroelectronics.X-CUBE-GNSS1.5.2.0: no header file found
2021-10-01 19:14:25,029 [WARN] ApiManager:294 - Cannot register API 'Wireless:BlueNRG-MS' from pack STMicroelectronics.X-CUBE-BLE1.6.1.0: no header file found
2021-10-01 19:14:25,030 [WARN] ApiManager:294 - Cannot register API 'Wireless:BlueNRG-MS' from pack STMicroelectronics.X-CUBE-BLE1.6.2.1: no header file found
2021-10-01 19:14:25,030 [WARN] ApiManager:294 - Cannot register API 'Wireless:BlueNRG-2' from pack STMicroelectronics.X-CUBE-BLE2.3.2.1: no header file found
2021-10-01 19:14:25,031 [WARN] ApiManager:294 - Cannot register API 'Board Extension:NFC04A1' from pack STMicroelectronics.X-CUBE-NFC4.2.0.3: no header file found
2021-10-01 19:14:25,031 [WARN] ApiManager:294 - Cannot register API 'Board Extension:NFC04A1' from pack STMicroelectronics.X-CUBE-NFC4.2.0.1: no header file found
2021-10-01 19:14:25,032 [WARN] ApiManager:294 - Cannot register API 'Wireless:BlueNRG-2' from pack STMicroelectronics.X-CUBE-BLE2.3.1.0: no header file found
2021-10-01 19:14:25,656 [INFO] UtilMem:74 - End LoadConfig() Used Memory: 201979640 Bytes (508559360)
2021-10-01 19:14:25,658 [WARN] ThirdParty:749 - waiting for thirdparty lock release [change project]
2021-10-01 19:14:25,658 [INFO] ThirdParty:751 - entering critical section [change project]
2021-10-01 19:14:25,658 [INFO] ThirdParty:939 - CMSIS Pack Vendor :STMicroelectronics X-CUBE-SFXS2LP1 3.1.0
2021-10-01 19:14:25,658 [INFO] ThirdParty:939 - CMSIS Pack Vendor :RoweBots I-CUBE-UNISONRTOS 5.5.0-4
2021-10-01 19:14:25,659 [INFO] ThirdParty:939 - CMSIS Pack Vendor :STMicroelectronics X-CUBE-AZRTOS-F4 1.0.0
2021-10-01 19:14:25,659 [INFO] ThirdParty:939 - CMSIS Pack Vendor :STMicroelectronics USB_HOST 2.0.0
2021-10-01 19:14:25,659 [INFO] ThirdParty:939 - CMSIS Pack Vendor :STMicroelectronics X-CUBE-AZRTOS-H7 2.0.0
2021-10-01 19:14:25,659 [INFO] ThirdParty:939 - CMSIS Pack Vendor :STMicroelectronics X-CUBE-SUBG2 3.0.1
2021-10-01 19:14:25,659 [INFO] ThirdParty:939 - CMSIS Pack Vendor :STMicroelectronics X-CUBE-AZRTOS-L4 1.0.0
2021-10-01 19:14:25,659 [INFO] ThirdParty:939 - CMSIS Pack Vendor :STMicroelectronics USB_DEVICE 3.0.0
2021-10-01 19:14:25,659 [INFO] ThirdParty:939 - CMSIS Pack Vendor :STMicroelectronics X-CUBE-TOF1 2.0.0
2021-10-01 19:14:25,659 [INFO] ThirdParty:939 - CMSIS Pack Vendor :STMicroelectronics HAL Drivers 0.0.0
2021-10-01 19:14:25,659 [INFO] ThirdParty:939 - CMSIS Pack Vendor :STMicroelectronics MBEDTLS 2.16.2
2021-10-01 19:14:25,659 [INFO] ThirdParty:939 - CMSIS Pack Vendor :STMicroelectronics X-CUBE-SFXS2LP1 2.0.0
2021-10-01 19:14:25,659 [INFO] ThirdParty:939 - CMSIS Pack Vendor :STMicroelectronics MBEDTLS 2.14.1
2021-10-01 19:14:25,659 [INFO] ThirdParty:939 - CMSIS Pack Vendor :STMicroelectronics X-CUBE-MEMS1 9.0.0
2021-10-01 19:14:25,660 [INFO] ThirdParty:939 - CMSIS Pack Vendor :STMicroelectronics X-CUBE-SUBG2 4.2.0
2021-10-01 19:14:25,660 [INFO] ThirdParty:939 - CMSIS Pack Vendor :STMicroelectronics X-CUBE-ALS 1.0.1
2021-10-01 19:14:25,660 [INFO] ThirdParty:939 - CMSIS Pack Vendor :STMicroelectronics USB_DEVICE 2.0.0
2021-10-01 19:14:25,660 [INFO] ThirdParty:939 - CMSIS Pack Vendor :STMicroelectronics X-CUBE-AI 7.0.0
2021-10-01 19:14:25,660 [INFO] ThirdParty:939 - CMSIS Pack Vendor :STMicroelectronics X-CUBE-MEMS1 8.2.0
2021-10-01 19:14:25,660 [INFO] ThirdParty:939 - CMSIS Pack Vendor :STMicroelectronics X-CUBE-ALGOBUILD 1.2.1
2021-10-01 19:14:25,660 [INFO] ThirdParty:939 - CMSIS Pack Vendor :STMicroelectronics X-CUBE-EEPRMA1 3.0.0
2021-10-01 19:14:25,660 [INFO] ThirdParty:939 - CMSIS Pack Vendor :STMicroelectronics X-CUBE-DISPLAY 1.0.0
2021-10-01 19:14:25,660 [INFO] ThirdParty:939 - CMSIS Pack Vendor :STMicroelectronics FreeRTOS 0.0.1
2021-10-01 19:14:25,660 [INFO] ThirdParty:939 - CMSIS Pack Vendor :STMicroelectronics USB_DEVICE 1.0.0
2021-10-01 19:14:25,660 [INFO] ThirdParty:939 - CMSIS Pack Vendor :STMicroelectronics X-CUBE-ALGOBUILD 1.1.0
2021-10-01 19:14:25,661 [INFO] ThirdParty:939 - CMSIS Pack Vendor :SEGGER I-CUBE-embOS 1.2.0
2021-10-01 19:14:25,661 [INFO] ThirdParty:939 - CMSIS Pack Vendor :STMicroelectronics X-CUBE-EEPRMA1 3.1.0
2021-10-01 19:14:25,661 [INFO] ThirdParty:939 - CMSIS Pack Vendor :STMicroelectronics X-CUBE-GNSS1 5.1.0
2021-10-01 19:14:25,661 [INFO] ThirdParty:939 - CMSIS Pack Vendor :STMicroelectronics X-CUBE-GNSS1 5.2.0
2021-10-01 19:14:25,661 [INFO] ThirdParty:939 - CMSIS Pack Vendor :STMicroelectronics X-CUBE-BLE1 6.1.0
2021-10-01 19:14:25,661 [INFO] ThirdParty:939 - CMSIS Pack Vendor :STMicroelectronics lwIP 2.0.3
2021-10-01 19:14:25,661 [INFO] ThirdParty:939 - CMSIS Pack Vendor :STMicroelectronics lwIP 2.1.2
2021-10-01 19:14:25,661 [INFO] ThirdParty:939 - CMSIS Pack Vendor :STMicroelectronics X-CUBE-BLE1 6.2.1
2021-10-01 19:14:25,661 [INFO] ThirdParty:939 - CMSIS Pack Vendor :STMicroelectronics X-CUBE-BLE2 3.2.1
2021-10-01 19:14:25,661 [INFO] ThirdParty:939 - CMSIS Pack Vendor :STMicroelectronics USB_HOST 1.0.0
2021-10-01 19:14:25,661 [INFO] ThirdParty:939 - CMSIS Pack Vendor :STMicroelectronics X-CUBE-NFC4 2.0.3
2021-10-01 19:14:25,661 [INFO] ThirdParty:939 - CMSIS Pack Vendor :wolfSSL I-CUBE-wolfSSL 4.8.0
2021-10-01 19:14:25,662 [INFO] ThirdParty:939 - CMSIS Pack Vendor :STMicroelectronics X-CUBE-TOUCHGFX 4.17.0
2021-10-01 19:14:25,662 [INFO] ThirdParty:939 - CMSIS Pack Vendor :STMicroelectronics X-CUBE-NFC4 2.0.1
2021-10-01 19:14:25,662 [INFO] ThirdParty:939 - CMSIS Pack Vendor :STMicroelectronics X-CUBE-AI 5.2.0
2021-10-01 19:14:25,662 [INFO] ThirdParty:939 - CMSIS Pack Vendor :STMicroelectronics PDM2PCM 3.1.0
2021-10-01 19:14:25,662 [INFO] ThirdParty:939 - CMSIS Pack Vendor :STMicroelectronics X-CUBE-TOUCHGFX 4.16.0
2021-10-01 19:14:25,662 [INFO] ThirdParty:939 - CMSIS Pack Vendor :STMicroelectronics PDM2PCM 3.2.0
2021-10-01 19:14:25,662 [INFO] ThirdParty:939 - CMSIS Pack Vendor :STMicroelectronics X-CUBE-BLE2 3.1.0
2021-10-01 19:14:25,662 [INFO] ThirdParty:939 - CMSIS Pack Vendor :STMicroelectronics PDM2PCM 3.3.0
2021-10-01 19:14:25,662 [INFO] ThirdParty:757 - exiting critical section [change project]
2021-10-01 19:14:25,819 [INFO] PinOutPanel:1434 - setPackage(No Configuration,No Configuration)
2021-10-01 19:14:25,820 [INFO] PinOutPanel:1434 - setPackage(STM32L151CBTxA,LQFP48)
2021-10-01 19:14:26,083 [INFO] UtilMem:74 - Before build in PCC Used Memory: 252607080 Bytes (508559360)
2021-10-01 19:14:26,400 [INFO] SharedServices:72 - Folder for power plug-in: C:/Users/frisc_000/.stm32cubemx/plugins/power
2021-10-01 19:14:26,435 [INFO] SharedServices:72 - Folder for power plug-in: C:/Users/frisc_000/.stm32cubemx/plugins/power
2021-10-01 19:14:26,466 [INFO] SharedServices:72 - Folder for power plug-in: C:/Users/frisc_000/.stm32cubemx/plugins/power
2021-10-01 19:14:26,471 [INFO] SharedServices:72 - Folder for power plug-in: C:/Users/frisc_000/.stm32cubemx/plugins/power
2021-10-01 19:14:26,603 [INFO] UtilMem:74 - After build in PCC Used Memory: 311859824 Bytes (508559360)
2021-10-01 19:14:26,620 [INFO] IPUIPlugin:64 - create IPUIPlugin
2021-10-01 19:14:26,620 [INFO] IPUIPlugin:64 - create IPUIPlugin
2021-10-01 19:14:26,621 [INFO] IPUIPlugin:64 - create IPUIPlugin
2021-10-01 19:14:26,621 [INFO] IPUIPlugin:64 - create IPUIPlugin
2021-10-01 19:14:26,621 [INFO] IPUIPlugin:64 - create IPUIPlugin
2021-10-01 19:14:26,621 [INFO] IPUIPlugin:64 - create IPUIPlugin
2021-10-01 19:14:26,621 [INFO] IPUIPlugin:64 - create IPUIPlugin
2021-10-01 19:14:26,621 [INFO] IPUIPlugin:64 - create IPUIPlugin
2021-10-01 19:14:26,621 [INFO] IPUIPlugin:64 - create IPUIPlugin
2021-10-01 19:14:26,622 [INFO] IPUIPlugin:64 - create IPUIPlugin
2021-10-01 19:14:26,622 [INFO] IPUIPlugin:64 - create IPUIPlugin
2021-10-01 19:14:26,622 [INFO] IPUIPlugin:64 - create IPUIPlugin
2021-10-01 19:14:26,622 [INFO] IPUIPlugin:64 - create IPUIPlugin
2021-10-01 19:14:26,622 [INFO] IPUIPlugin:64 - create IPUIPlugin
2021-10-01 19:14:26,623 [INFO] IPUIPlugin:64 - create IPUIPlugin
2021-10-01 19:14:26,623 [INFO] IPUIPlugin:64 - create IPUIPlugin
2021-10-01 19:14:26,623 [INFO] IPUIPlugin:64 - create IPUIPlugin
2021-10-01 19:14:26,623 [INFO] IPUIPlugin:64 - create IPUIPlugin
2021-10-01 19:14:26,623 [INFO] IPUIPlugin:64 - create IPUIPlugin
2021-10-01 19:14:26,624 [INFO] IPUIPlugin:64 - create IPUIPlugin
2021-10-01 19:14:26,624 [INFO] IPUIPlugin:64 - create IPUIPlugin
2021-10-01 19:14:26,624 [INFO] IPUIPlugin:64 - create IPUIPlugin
2021-10-01 19:14:26,624 [INFO] IPUIPlugin:64 - create IPUIPlugin
2021-10-01 19:14:26,625 [INFO] IPUIPlugin:64 - create IPUIPlugin
2021-10-01 19:14:26,625 [INFO] IPUIPlugin:64 - create IPUIPlugin
2021-10-01 19:14:26,625 [INFO] IPUIPlugin:64 - create IPUIPlugin
2021-10-01 19:14:26,625 [INFO] IPUIPlugin:64 - create IPUIPlugin
2021-10-01 19:14:26,626 [INFO] IPUIPlugin:64 - create IPUIPlugin
2021-10-01 19:14:26,626 [INFO] IPUIPlugin:64 - create IPUIPlugin
2021-10-01 19:14:26,626 [INFO] IPUIPlugin:64 - create IPUIPlugin
2021-10-01 19:14:26,627 [INFO] IPUIPlugin:64 - create IPUIPlugin
2021-10-01 19:14:26,627 [INFO] IPUIPlugin:64 - create IPUIPlugin
2021-10-01 19:14:26,627 [INFO] IPUIPlugin:64 - create IPUIPlugin
2021-10-01 19:14:26,628 [INFO] IPUIPlugin:64 - create IPUIPlugin
2021-10-01 19:14:26,650 [INFO] LogOutputStream:76 - [STDOUT_REDIRECT] toolchainItems.length=====1
2021-10-01 19:14:26,728 [INFO] OpenFileManager:294 - Restore cursor
2021-10-01 19:14:26,942 [INFO] UtilMem:74 - End SaveConfig() Used Memory: 355908208 Bytes (508559360)
2021-10-01 19:14:27,450 [INFO] FileExtend:225 - Unzip File : stm32cube_fw_l1_v1100.zip
2021-10-01 19:14:27,586 [INFO] FileExtend:240 - Standard Zip Deflate
2021-10-01 19:14:37,829 [INFO] ServerAccessManage:348 - Download File stm32cube_fw_l1_v1103.zip
2021-10-01 19:14:40,121 [INFO] FileExtend:225 - Unzip File : stm32cube_fw_l1_v1103.zip
2021-10-01 19:14:40,121 [INFO] FileExtend:240 - Standard Zip Deflate
2021-10-01 19:14:44,439 [INFO] LoadServerPackagesThread:169 - End of LoadServerPackages Thread
2021-10-01 19:14:44,493 [INFO] UtilMem:74 - End SaveConfig() Used Memory: 460949464 Bytes (1073741824)
2021-10-01 19:14:44,878 [INFO] CheckServerUpdateThread:102 - End of CheckServer Thread
2021-10-01 19:14:45,002 [INFO] BlockDiagram:2735 - set Specific Code input for plugin: NVIC
2021-10-01 19:14:45,002 [INFO] BlockDiagram:2735 - set Specific Code input for plugin: SYS
2021-10-01 19:14:45,002 [INFO] BlockDiagram:2735 - set Specific Code input for plugin: RCC
2021-10-01 19:14:45,004 [INFO] CodeGenerator:639 - code generatio: config db path: C:\Program Files\STMicroelectronics\STM32Cube\STM32CubeIDE_1.5.1\STM32CubeIDE\plugins\com.st.stm32cube.common.mx_6.1.1.202012091304\\db\
2021-10-01 19:14:45,336 [INFO] CodeEngine:229 - oldGeneratedFile, C:\Users\frisc_000\Documents\GitHub\Avionics-Telemetry-PCB\Telemetry_STM32CubeIDE\Avionics-Telemetry-STM32_Project\MXTmpFiles\license.tmp_save
2021-10-01 19:14:45,745 [INFO] CodeEngine:247 - Generated code: C:\Users\frisc_000\Documents\GitHub\Avionics-Telemetry-PCB\Telemetry_STM32CubeIDE\Avionics-Telemetry-STM32_Project\MXTmpFiles\license.tmp
2021-10-01 19:14:45,867 [INFO] CodeEngine:229 - oldGeneratedFile, C:\Users\frisc_000\Documents\GitHub\Avionics-Telemetry-PCB\Telemetry_STM32CubeIDE\Avionics-Telemetry-STM32_Project\Core\Src\stm32l1xx_it.c_save
2021-10-01 19:14:46,061 [INFO] CodeEngine:247 - Generated code: C:\Users\frisc_000\Documents\GitHub\Avionics-Telemetry-PCB\Telemetry_STM32CubeIDE\Avionics-Telemetry-STM32_Project\Core\Src\stm32l1xx_it.c
2021-10-01 19:14:46,066 [INFO] CodeEngine:229 - oldGeneratedFile, C:\Users\frisc_000\Documents\GitHub\Avionics-Telemetry-PCB\Telemetry_STM32CubeIDE\Avionics-Telemetry-STM32_Project\Core\Inc\stm32l1xx_it.h_save
2021-10-01 19:14:46,160 [INFO] CodeEngine:247 - Generated code: C:\Users\frisc_000\Documents\GitHub\Avionics-Telemetry-PCB\Telemetry_STM32CubeIDE\Avionics-Telemetry-STM32_Project\Core\Inc\stm32l1xx_it.h
2021-10-01 19:14:46,174 [INFO] CodeEngine:229 - oldGeneratedFile, C:\Users\frisc_000\Documents\GitHub\Avionics-Telemetry-PCB\Telemetry_STM32CubeIDE\Avionics-Telemetry-STM32_Project\Core\Src\stm32l1xx_hal_msp.c_save
2021-10-01 19:14:46,305 [INFO] CodeEngine:247 - Generated code: C:\Users\frisc_000\Documents\GitHub\Avionics-Telemetry-PCB\Telemetry_STM32CubeIDE\Avionics-Telemetry-STM32_Project\Core\Src\stm32l1xx_hal_msp.c
2021-10-01 19:14:46,309 [INFO] CodeEngine:229 - oldGeneratedFile, C:\Users\frisc_000\Documents\GitHub\Avionics-Telemetry-PCB\Telemetry_STM32CubeIDE\Avionics-Telemetry-STM32_Project\MXTmpFiles\system.tmp_save
2021-10-01 19:14:46,383 [INFO] CodeEngine:247 - Generated code: C:\Users\frisc_000\Documents\GitHub\Avionics-Telemetry-PCB\Telemetry_STM32CubeIDE\Avionics-Telemetry-STM32_Project\MXTmpFiles\system.tmp
2021-10-01 19:14:46,397 [INFO] CodeEngine:229 - oldGeneratedFile, C:\Users\frisc_000\Documents\GitHub\Avionics-Telemetry-PCB\Telemetry_STM32CubeIDE\Avionics-Telemetry-STM32_Project\Core\Inc\stm32l1xx_hal_conf.h_save
2021-10-01 19:14:46,497 [INFO] CodeEngine:247 - Generated code: C:\Users\frisc_000\Documents\GitHub\Avionics-Telemetry-PCB\Telemetry_STM32CubeIDE\Avionics-Telemetry-STM32_Project\Core\Inc\stm32l1xx_hal_conf.h
2021-10-01 19:14:46,547 [INFO] CodeEngine:229 - oldGeneratedFile, C:\Users\frisc_000\Documents\GitHub\Avionics-Telemetry-PCB\Telemetry_STM32CubeIDE\Avionics-Telemetry-STM32_Project\Core\Inc\main.h_save
2021-10-01 19:14:46,654 [INFO] CodeEngine:247 - Generated code: C:\Users\frisc_000\Documents\GitHub\Avionics-Telemetry-PCB\Telemetry_STM32CubeIDE\Avionics-Telemetry-STM32_Project\Core\Inc\main.h
2021-10-01 19:14:46,658 [INFO] CodeEngine:229 - oldGeneratedFile, C:\Users\frisc_000\Documents\GitHub\Avionics-Telemetry-PCB\Telemetry_STM32CubeIDE\Avionics-Telemetry-STM32_Project\Core\Src\main.c_save
2021-10-01 19:14:46,781 [INFO] CodeEngine:247 - Generated code: C:\Users\frisc_000\Documents\GitHub\Avionics-Telemetry-PCB\Telemetry_STM32CubeIDE\Avionics-Telemetry-STM32_Project\Core\Src\main.c
2021-10-01 19:14:47,245 [INFO] ProjectBuilder:2328 - Time for Copy HAL[1] : 62mS.
2021-10-01 19:14:47,253 [INFO] ProjectBuilder:3259 - Project Generator version: 3.11.2
2021-10-01 19:14:47,608 [INFO] ConfigFileManager:1238 - The Die is : DIE429
2021-10-01 19:14:47,626 [INFO] ApiDbMcu:456 - Load IP Config File for FATFS
2021-10-01 19:14:47,656 [INFO] ApiDbMcu:456 - Load IP Config File for FREERTOS
2021-10-01 19:14:47,676 [INFO] ApiDbMcu:456 - Load IP Config File for TOUCHSENSING
2021-10-01 19:14:47,688 [INFO] ApiDbMcu:456 - Load IP Config File for USB_DEVICE
2021-10-01 19:14:51,341 [INFO] ProjectBuilder:3425 - Time for Generating toolchain IDE Files: 4088mS.
2021-10-01 19:14:51,342 [INFO] ProjectBuilder:2207 - Time for Copy CMSIS : 0mS.
2021-10-01 19:14:51,344 [INFO] ProjectBuilder:2207 - Time for Copy CMSIS : 0mS.
2021-10-01 19:14:51,779 [INFO] ApiDb:263 - Save user favorites file C:\Users\frisc_000/.stm32cubeide/favorites.mcus.txt: 0 item(s)
2021-10-01 19:14:51,779 [INFO] ApiDb:267 - User favorites MCUs=[]
2021-10-01 19:16:14,996 [WARN] IP:2091 - lpm_enable not found: check if there is a RefParameter without a condition.
2021-10-01 19:16:14,996 [WARN] IP:2091 - lpm_enable not found: check if there is a RefParameter without a condition.
2021-10-01 19:16:15,023 [WARN] IP:2091 - lpm_enable not found: check if there is a RefParameter without a condition.
2021-10-01 19:16:15,029 [WARN] IP:2091 - lpm_enable not found: check if there is a RefParameter without a condition.
2021-10-01 19:16:24,923 [INFO] NvicIntPanel:90 - NVIC parent = com.st.microxplorer.plugins.ip.nvic.MultiNvicIntPanel[,0,0,534x357,layout=javax.swing.BoxLayout,alignmentX=0.0,alignmentY=0.0,border=,flags=9,maximumSize=,minimumSize=,preferredSize=]
2021-10-01 19:16:28,341 [WARN] IP:2091 - lpm_enable not found: check if there is a RefParameter without a condition.
2021-10-01 19:16:28,342 [WARN] IP:2091 - lpm_enable not found: check if there is a RefParameter without a condition.
2021-10-01 19:16:56,642 [WARN] IP:2091 - I2C_Coeff_DF not found: check if there is a RefParameter without a condition.
2021-10-01 19:16:56,642 [WARN] IP:2091 - Analog_Filter not found: check if there is a RefParameter without a condition.
2021-10-01 19:16:56,663 [WARN] IP:2091 - I2C_Coeff_DF not found: check if there is a RefParameter without a condition.
2021-10-01 19:16:56,663 [WARN] IP:2091 - Analog_Filter not found: check if there is a RefParameter without a condition.
2021-10-01 19:16:56,664 [WARN] IP:2091 - I2C_Coeff_DF not found: check if there is a RefParameter without a condition.
2021-10-01 19:16:56,664 [WARN] IP:2091 - Analog_Filter not found: check if there is a RefParameter without a condition.
2021-10-01 19:16:56,713 [WARN] IP:2091 - I2C_Coeff_DF not found: check if there is a RefParameter without a condition.
2021-10-01 19:16:56,713 [WARN] IP:2091 - Analog_Filter not found: check if there is a RefParameter without a condition.
2021-10-01 19:16:56,714 [WARN] IP:2091 - I2C_Coeff_DF not found: check if there is a RefParameter without a condition.
2021-10-01 19:16:56,715 [WARN] IP:2091 - Analog_Filter not found: check if there is a RefParameter without a condition.
2021-10-01 19:16:56,718 [WARN] IP:2091 - I2C_Coeff_DF not found: check if there is a RefParameter without a condition.
2021-10-01 19:16:56,718 [WARN] IP:2091 - Analog_Filter not found: check if there is a RefParameter without a condition.
2021-10-01 19:17:30,843 [INFO] Gpio:248 - dependency for GPIO [I2C1, RCC, SPI1, USB]
2021-10-01 19:17:31,781 [INFO] Gpio:248 - dependency for GPIO [I2C1, RCC, SPI1, USB]
2021-10-01 19:17:31,803 [INFO] DmaTabbedPanel:192 - Cannot restore the selected Tab for DMA
2021-10-01 20:48:00,845 [INFO] UtilMem:74 - End SaveConfig() Used Memory: 351086168 Bytes (425721856)
2021-10-01 20:48:02,237 [INFO] UtilMem:74 - End SaveConfig() Used Memory: 363471544 Bytes (425721856)
2021-10-01 20:48:06,998 [INFO] UtilMem:74 - End SaveConfig() Used Memory: 306455632 Bytes (425721856)
2021-10-01 20:48:07,146 [INFO] ProjectBuilder:1919 - IP not ready for code generation: Clock
2021-10-01 20:48:10,543 [INFO] BlockDiagram:2735 - set Specific Code input for plugin: SPI
2021-10-01 20:48:10,543 [INFO] BlockDiagram:2735 - set Specific Code input for plugin: NVIC
2021-10-01 20:48:10,543 [INFO] BlockDiagram:2735 - set Specific Code input for plugin: USB_DEVICE
2021-10-01 20:48:10,543 [INFO] BlockDiagram:2735 - set Specific Code input for plugin: USB
2021-10-01 20:48:10,543 [INFO] BlockDiagram:2735 - set Specific Code input for plugin: SYS
2021-10-01 20:48:10,544 [INFO] BlockDiagram:2735 - set Specific Code input for plugin: GPIO
2021-10-01 20:48:10,544 [INFO] BlockDiagram:2735 - set Specific Code input for plugin: RCC
2021-10-01 20:48:10,544 [INFO] BlockDiagram:2735 - set Specific Code input for plugin: I2C
2021-10-01 20:48:10,545 [INFO] CodeGenerator:639 - code generatio: config db path: C:\Program Files\STMicroelectronics\STM32Cube\STM32CubeIDE_1.5.1\STM32CubeIDE\plugins\com.st.stm32cube.common.mx_6.1.1.202012091304\\db\
2021-10-01 20:48:10,584 [WARN] IP:2091 - I2C_Coeff_DF not found: check if there is a RefParameter without a condition.
2021-10-01 20:48:10,585 [WARN] IP:2091 - Analog_Filter not found: check if there is a RefParameter without a condition.
2021-10-01 20:48:10,594 [WARN] IP:2091 - lpm_enable not found: check if there is a RefParameter without a condition.
2021-10-01 20:48:10,793 [INFO] CodeEngine:229 - oldGeneratedFile, C:\Users\frisc_000\Documents\GitHub\Avionics-Telemetry-PCB\Telemetry_STM32CubeIDE\Avionics-Telemetry-STM32_Project\MXTmpFiles\license.tmp_save
2021-10-01 20:48:10,853 [INFO] CodeEngine:247 - Generated code: C:\Users\frisc_000\Documents\GitHub\Avionics-Telemetry-PCB\Telemetry_STM32CubeIDE\Avionics-Telemetry-STM32_Project\MXTmpFiles\license.tmp
2021-10-01 20:48:10,898 [INFO] CodeEngine:229 - oldGeneratedFile, C:\Users\frisc_000\Documents\GitHub\Avionics-Telemetry-PCB\Telemetry_STM32CubeIDE\Avionics-Telemetry-STM32_Project\MXTmpFiles\gpio.tmp_save
2021-10-01 20:48:10,956 [INFO] CodeEngine:247 - Generated code: C:\Users\frisc_000\Documents\GitHub\Avionics-Telemetry-PCB\Telemetry_STM32CubeIDE\Avionics-Telemetry-STM32_Project\MXTmpFiles\gpio.tmp
2021-10-01 20:48:10,959 [INFO] LogOutputStream:76 - [STDOUT_REDIRECT] Command line test
2021-10-01 20:48:11,001 [INFO] CodeEngine:229 - oldGeneratedFile, C:\Users\frisc_000\Documents\GitHub\Avionics-Telemetry-PCB\Telemetry_STM32CubeIDE\Avionics-Telemetry-STM32_Project\MXTmpFiles\usb_vars.tmp_save
2021-10-01 20:48:11,065 [INFO] CodeEngine:247 - Generated code: C:\Users\frisc_000\Documents\GitHub\Avionics-Telemetry-PCB\Telemetry_STM32CubeIDE\Avionics-Telemetry-STM32_Project\MXTmpFiles\usb_vars.tmp
2021-10-01 20:48:11,073 [INFO] CodeEngine:229 - oldGeneratedFile, C:\Users\frisc_000\Documents\GitHub\Avionics-Telemetry-PCB\Telemetry_STM32CubeIDE\Avionics-Telemetry-STM32_Project\MXTmpFiles\usb_inc.tmp_save
2021-10-01 20:48:11,145 [INFO] CodeEngine:247 - Generated code: C:\Users\frisc_000\Documents\GitHub\Avionics-Telemetry-PCB\Telemetry_STM32CubeIDE\Avionics-Telemetry-STM32_Project\MXTmpFiles\usb_inc.tmp
2021-10-01 20:48:11,161 [INFO] CodeEngine:229 - oldGeneratedFile, C:\Users\frisc_000\Documents\GitHub\Avionics-Telemetry-PCB\Telemetry_STM32CubeIDE\Avionics-Telemetry-STM32_Project\MXTmpFiles\usb_HalInit.tmp_save
2021-10-01 20:48:11,244 [INFO] CodeEngine:247 - Generated code: C:\Users\frisc_000\Documents\GitHub\Avionics-Telemetry-PCB\Telemetry_STM32CubeIDE\Avionics-Telemetry-STM32_Project\MXTmpFiles\usb_HalInit.tmp
2021-10-01 20:48:11,254 [INFO] CodeEngine:229 - oldGeneratedFile, C:\Users\frisc_000\Documents\GitHub\Avionics-Telemetry-PCB\Telemetry_STM32CubeIDE\Avionics-Telemetry-STM32_Project\MXTmpFiles\usb_Msp.tmp_save
2021-10-01 20:48:11,368 [INFO] CodeEngine:247 - Generated code: C:\Users\frisc_000\Documents\GitHub\Avionics-Telemetry-PCB\Telemetry_STM32CubeIDE\Avionics-Telemetry-STM32_Project\MXTmpFiles\usb_Msp.tmp
2021-10-01 20:48:11,379 [ERROR] IPConfigManager:1476 - ERROR: the RefConfig I2C_Analogue is not available in your config.xml file
2021-10-01 20:48:11,379 [ERROR] IPConfigManager:1476 - ERROR: the RefConfig I2C_DigitalFolter is not available in your config.xml file
2021-10-01 20:48:11,451 [INFO] LogOutputStream:76 - [STDOUT_REDIRECT] Command line
2021-10-01 20:48:11,452 [INFO] LogOutputStream:76 - [STDOUT_REDIRECT] Command line
2021-10-01 20:48:11,454 [INFO] LogOutputStream:76 - [STDOUT_REDIRECT] Command line
2021-10-01 20:48:11,464 [INFO] Middleware:1252 - No code input for Bsp Dependency
2021-10-01 20:48:11,478 [INFO] CodeEngine:229 - oldGeneratedFile, C:\Users\frisc_000\Documents\GitHub\Avionics-Telemetry-PCB\Telemetry_STM32CubeIDE\Avionics-Telemetry-STM32_Project\USB_DEVICE\App\usb_device.c_save
2021-10-01 20:48:11,550 [INFO] CodeEngine:247 - Generated code: C:\Users\frisc_000\Documents\GitHub\Avionics-Telemetry-PCB\Telemetry_STM32CubeIDE\Avionics-Telemetry-STM32_Project\USB_DEVICE\App\usb_device.c
2021-10-01 20:48:11,559 [INFO] CodeEngine:229 - oldGeneratedFile, C:\Users\frisc_000\Documents\GitHub\Avionics-Telemetry-PCB\Telemetry_STM32CubeIDE\Avionics-Telemetry-STM32_Project\USB_DEVICE\App\usb_device.h_save
2021-10-01 20:48:11,617 [INFO] CodeEngine:247 - Generated code: C:\Users\frisc_000\Documents\GitHub\Avionics-Telemetry-PCB\Telemetry_STM32CubeIDE\Avionics-Telemetry-STM32_Project\USB_DEVICE\App\usb_device.h
2021-10-01 20:48:11,625 [INFO] CodeEngine:229 - oldGeneratedFile, C:\Users\frisc_000\Documents\GitHub\Avionics-Telemetry-PCB\Telemetry_STM32CubeIDE\Avionics-Telemetry-STM32_Project\USB_DEVICE\Target\usbd_conf.h_save
2021-10-01 20:48:11,686 [INFO] CodeEngine:247 - Generated code: C:\Users\frisc_000\Documents\GitHub\Avionics-Telemetry-PCB\Telemetry_STM32CubeIDE\Avionics-Telemetry-STM32_Project\USB_DEVICE\Target\usbd_conf.h
2021-10-01 20:48:11,694 [INFO] CodeEngine:229 - oldGeneratedFile, C:\Users\frisc_000\Documents\GitHub\Avionics-Telemetry-PCB\Telemetry_STM32CubeIDE\Avionics-Telemetry-STM32_Project\USB_DEVICE\Target\usbd_conf.c_save
2021-10-01 20:48:11,767 [INFO] CodeEngine:247 - Generated code: C:\Users\frisc_000\Documents\GitHub\Avionics-Telemetry-PCB\Telemetry_STM32CubeIDE\Avionics-Telemetry-STM32_Project\USB_DEVICE\Target\usbd_conf.c
2021-10-01 20:48:11,775 [INFO] CodeEngine:229 - oldGeneratedFile, C:\Users\frisc_000\Documents\GitHub\Avionics-Telemetry-PCB\Telemetry_STM32CubeIDE\Avionics-Telemetry-STM32_Project\USB_DEVICE\App\usbd_desc.h_save
2021-10-01 20:48:11,830 [INFO] CodeEngine:247 - Generated code: C:\Users\frisc_000\Documents\GitHub\Avionics-Telemetry-PCB\Telemetry_STM32CubeIDE\Avionics-Telemetry-STM32_Project\USB_DEVICE\App\usbd_desc.h
2021-10-01 20:48:11,838 [INFO] CodeEngine:229 - oldGeneratedFile, C:\Users\frisc_000\Documents\GitHub\Avionics-Telemetry-PCB\Telemetry_STM32CubeIDE\Avionics-Telemetry-STM32_Project\USB_DEVICE\App\usbd_desc.c_save
2021-10-01 20:48:11,904 [INFO] CodeEngine:247 - Generated code: C:\Users\frisc_000\Documents\GitHub\Avionics-Telemetry-PCB\Telemetry_STM32CubeIDE\Avionics-Telemetry-STM32_Project\USB_DEVICE\App\usbd_desc.c
2021-10-01 20:48:11,912 [INFO] CodeEngine:229 - oldGeneratedFile, C:\Users\frisc_000\Documents\GitHub\Avionics-Telemetry-PCB\Telemetry_STM32CubeIDE\Avionics-Telemetry-STM32_Project\USB_DEVICE\App\usbd_storage_if.h_save
2021-10-01 20:48:11,964 [INFO] CodeEngine:247 - Generated code: C:\Users\frisc_000\Documents\GitHub\Avionics-Telemetry-PCB\Telemetry_STM32CubeIDE\Avionics-Telemetry-STM32_Project\USB_DEVICE\App\usbd_storage_if.h
2021-10-01 20:48:11,972 [INFO] CodeEngine:229 - oldGeneratedFile, C:\Users\frisc_000\Documents\GitHub\Avionics-Telemetry-PCB\Telemetry_STM32CubeIDE\Avionics-Telemetry-STM32_Project\USB_DEVICE\App\usbd_storage_if.c_save
2021-10-01 20:48:12,028 [INFO] CodeEngine:247 - Generated code: C:\Users\frisc_000\Documents\GitHub\Avionics-Telemetry-PCB\Telemetry_STM32CubeIDE\Avionics-Telemetry-STM32_Project\USB_DEVICE\App\usbd_storage_if.c
2021-10-01 20:48:12,042 [INFO] CodeEngine:229 - oldGeneratedFile, C:\Users\frisc_000\Documents\GitHub\Avionics-Telemetry-PCB\Telemetry_STM32CubeIDE\Avionics-Telemetry-STM32_Project\Core\Src\stm32l1xx_it.c_save
2021-10-01 20:48:12,168 [INFO] CodeEngine:247 - Generated code: C:\Users\frisc_000\Documents\GitHub\Avionics-Telemetry-PCB\Telemetry_STM32CubeIDE\Avionics-Telemetry-STM32_Project\Core\Src\stm32l1xx_it.c
2021-10-01 20:48:12,178 [INFO] CodeEngine:229 - oldGeneratedFile, C:\Users\frisc_000\Documents\GitHub\Avionics-Telemetry-PCB\Telemetry_STM32CubeIDE\Avionics-Telemetry-STM32_Project\Core\Inc\stm32l1xx_it.h_save
2021-10-01 20:48:12,266 [INFO] CodeEngine:247 - Generated code: C:\Users\frisc_000\Documents\GitHub\Avionics-Telemetry-PCB\Telemetry_STM32CubeIDE\Avionics-Telemetry-STM32_Project\Core\Inc\stm32l1xx_it.h
2021-10-01 20:48:12,283 [INFO] CodeEngine:229 - oldGeneratedFile, C:\Users\frisc_000\Documents\GitHub\Avionics-Telemetry-PCB\Telemetry_STM32CubeIDE\Avionics-Telemetry-STM32_Project\Core\Src\stm32l1xx_hal_msp.c_save
2021-10-01 20:48:12,378 [INFO] CodeEngine:247 - Generated code: C:\Users\frisc_000\Documents\GitHub\Avionics-Telemetry-PCB\Telemetry_STM32CubeIDE\Avionics-Telemetry-STM32_Project\Core\Src\stm32l1xx_hal_msp.c
2021-10-01 20:48:12,382 [INFO] CodeEngine:229 - oldGeneratedFile, C:\Users\frisc_000\Documents\GitHub\Avionics-Telemetry-PCB\Telemetry_STM32CubeIDE\Avionics-Telemetry-STM32_Project\MXTmpFiles\system.tmp_save
2021-10-01 20:48:12,425 [INFO] CodeEngine:247 - Generated code: C:\Users\frisc_000\Documents\GitHub\Avionics-Telemetry-PCB\Telemetry_STM32CubeIDE\Avionics-Telemetry-STM32_Project\MXTmpFiles\system.tmp
2021-10-01 20:48:12,437 [INFO] CodeEngine:229 - oldGeneratedFile, C:\Users\frisc_000\Documents\GitHub\Avionics-Telemetry-PCB\Telemetry_STM32CubeIDE\Avionics-Telemetry-STM32_Project\Core\Inc\stm32l1xx_hal_conf.h_save
2021-10-01 20:48:12,509 [INFO] CodeEngine:247 - Generated code: C:\Users\frisc_000\Documents\GitHub\Avionics-Telemetry-PCB\Telemetry_STM32CubeIDE\Avionics-Telemetry-STM32_Project\Core\Inc\stm32l1xx_hal_conf.h
2021-10-01 20:48:12,545 [INFO] CodeEngine:229 - oldGeneratedFile, C:\Users\frisc_000\Documents\GitHub\Avionics-Telemetry-PCB\Telemetry_STM32CubeIDE\Avionics-Telemetry-STM32_Project\Core\Inc\main.h_save
2021-10-01 20:48:12,611 [INFO] CodeEngine:247 - Generated code: C:\Users\frisc_000\Documents\GitHub\Avionics-Telemetry-PCB\Telemetry_STM32CubeIDE\Avionics-Telemetry-STM32_Project\Core\Inc\main.h
2021-10-01 20:48:12,620 [INFO] CodeEngine:229 - oldGeneratedFile, C:\Users\frisc_000\Documents\GitHub\Avionics-Telemetry-PCB\Telemetry_STM32CubeIDE\Avionics-Telemetry-STM32_Project\Core\Src\main.c_save
2021-10-01 20:48:12,734 [INFO] CodeEngine:247 - Generated code: C:\Users\frisc_000\Documents\GitHub\Avionics-Telemetry-PCB\Telemetry_STM32CubeIDE\Avionics-Telemetry-STM32_Project\Core\Src\main.c
2021-10-01 20:48:13,254 [INFO] ProjectBuilder:2328 - Time for Copy HAL[1] : 100mS.
2021-10-01 20:48:13,262 [INFO] ProjectBuilder:3259 - Project Generator version: 3.11.2
2021-10-01 20:48:13,627 [INFO] ConfigFileManager:1238 - The Die is : DIE429
2021-10-01 20:48:15,168 [INFO] ProjectBuilder:3425 - Time for Generating toolchain IDE Files: 1906mS.
2021-10-01 20:48:15,169 [INFO] ProjectBuilder:2207 - Time for Copy CMSIS : 1mS.
2021-10-01 20:48:15,175 [INFO] ProjectBuilder:2207 - Time for Copy CMSIS : 0mS.
2021-10-01 20:48:25,441 [WARN] IP:2091 - lpm_enable not found: check if there is a RefParameter without a condition.
2021-10-01 20:48:25,442 [WARN] IP:2091 - lpm_enable not found: check if there is a RefParameter without a condition.
2021-10-01 20:48:25,457 [WARN] IP:2091 - I2C_Coeff_DF not found: check if there is a RefParameter without a condition.
2021-10-01 20:48:25,458 [WARN] IP:2091 - Analog_Filter not found: check if there is a RefParameter without a condition.
2021-10-01 20:48:25,458 [WARN] IP:2091 - I2C_Coeff_DF not found: check if there is a RefParameter without a condition.
2021-10-01 20:48:25,458 [WARN] IP:2091 - Analog_Filter not found: check if there is a RefParameter without a condition.
2021-10-01 20:48:27,432 [INFO] UtilMem:74 - End SaveConfig() Used Memory: 542702456 Bytes (908066816)
